Operating system: Microsoft Windows NT 6.2.9200.0
Opening INI file "C:\Users\MineC\Downloads\New folder (32)\Data\SonLVL.ini"...
Game type is S3K.
Loading WOODS 1...
Loading palette file "AIZ/AIz1_Col.dat"...
Source: 0 Destination: 16 Length: 48
Loading 16x16 blocks from file "AIZ/Bl_Act1.kos", using compression Kosinski...
Loading 128x128 chunks from file "AIZ/Ck_Act1.kos", using compression Kosinski...
Loading 8x8 tiles from file "AIZ/Tl_Act1.kmd", using compression KosinskiM...
Loading 8x8 tiles from file "AIZ/Tl2_Act1.kmd", using compression KosinskiM...
Loading 16x16 blocks from file "AIZ/Bl2_Act1.kos", using compression Kosinski...
Loading layout from file "AIZ/AIz_Map1.dat", using compression Uncompressed...
Unable to read file "AIZ/Ck_Act1.kos" with compression Kosinski:
System.AggregateException: One or more errors occurred. ---> System.IO.EndOfStreamException: Attempted to read past the end of the stream.
   at SonicRetro.KensSharp.NeutralEndian.Read1(Stream stream)
   at SonicRetro.KensSharp.Kosinski.DecodeInternal(Stream source, Stream destination, Int64& decompressedBytes)
   at SonicRetro.KensSharp.Kosinski.Decompress(Stream input, Stream output)
   at SonicRetro.KensSharp.Kosinski.Decompress(String sourceFilePath)
   at SonicRetro.SonLVL.API.Compression.Decompress(String file, CompressionType cmp) in C:\Programs\SonLVL\SonLVLAPI\Compression.cs:line 51
   at SonicRetro.SonLVL.API.LevelData.LoadLevelChunks() in C:\Programs\SonLVL\SonLVLAPI\LevelData.cs:line 561
   at System.Threading.Tasks.Task.InnerInvoke()
   at System.Threading.Tasks.Task.Execute()
   --- End of inner exception stack trace ---
   at System.Threading.Tasks.Task.WaitAll(Task[] tasks, Int32 millisecondsTimeout, CancellationToken cancellationToken)
   at System.Threading.Tasks.Task.WaitAll(Task[] tasks, Int32 millisecondsTimeout)
   at System.Threading.Tasks.Parallel.Invoke(ParallelOptions parallelOptions, Action[] actions)
   at System.Threading.Tasks.Parallel.Invoke(Action[] actions)
   at SonicRetro.SonLVL.API.LevelData.LoadLevel(String levelname, Boolean loadGraphics) in C:\Programs\SonLVL\SonLVLAPI\LevelData.cs:line 184
   at SonicRetro.SonLVL.GUI.MainForm.backgroundLevelLoader_DoWork(Object sender, DoWorkEventArgs e) in C:\Programs\SonLVL\SonLVL\MainForm.cs:line 574
---> (Inner Exception #0) System.IO.EndOfStreamException: Attempted to read past the end of the stream.
   at SonicRetro.KensSharp.NeutralEndian.Read1(Stream stream)
   at SonicRetro.KensSharp.Kosinski.DecodeInternal(Stream source, Stream destination, Int64& decompressedBytes)
   at SonicRetro.KensSharp.Kosinski.Decompress(Stream input, Stream output)
   at SonicRetro.KensSharp.Kosinski.Decompress(String sourceFilePath)
   at SonicRetro.SonLVL.API.Compression.Decompress(String file, CompressionType cmp) in C:\Programs\SonLVL\SonLVLAPI\Compression.cs:line 51
   at SonicRetro.SonLVL.API.LevelData.LoadLevelChunks() in C:\Programs\SonLVL\SonLVLAPI\LevelData.cs:line 561
   at System.Threading.Tasks.Task.InnerInvoke()
   at System.Threading.Tasks.Task.Execute()<---

